  Assembling Source.asm...
Source.asm(14): error A2008: syntax error : .
Source.asm(15): error A2008: syntax error : .
Source.asm(16): error A2008: syntax error : .
Source.asm(152): error A2070: invalid instruction operands
Source.asm(154): error A2070: invalid instruction operands
Source.asm(162): error A2070: invalid instruction operands
Source.asm(165): error A2070: invalid instruction operands
Source.asm(168): error A2070: invalid instruction operands
Source.asm(177): error A2070: invalid instruction operands
Source.asm(178): error A2070: invalid instruction operands
Source.asm(180): error A2070: invalid instruction operands
Source.asm(182): error A2070: invalid instruction operands
Source.asm(190): error A2070: invalid instruction operands
Source.asm(191): error A2070: invalid instruction operands
Source.asm(193): error A2070: invalid instruction operands
Source.asm(195): error A2070: invalid instruction operands
Source.asm(204): error A2070: invalid instruction operands
Source.asm(205): error A2070: invalid instruction operands
Source.asm(207): error A2070: invalid instruction operands
Source.asm(209): error A2070: invalid instruction operands
Source.asm(218): error A2070: invalid instruction operands
Source.asm(219): error A2070: invalid instruction operands
Source.asm(221): error A2070: invalid instruction operands
Source.asm(223): error A2070: invalid instruction operands
Source.asm(230): error A2070: invalid instruction operands
Source.asm(231): error A2070: invalid instruction operands
Source.asm(233): error A2070: invalid instruction operands
Source.asm(243): error A2070: invalid instruction operands
Source.asm(244): error A2070: invalid instruction operands
Source.asm(246): error A2070: invalid instruction operands
Source.asm(248): error A2070: invalid instruction operands
Source.asm(264): error A2008: syntax error : invoke
Source.asm(268): error A2008: syntax error : invoke
Source.asm(270): error A2008: syntax error : Start
Source.asm(270): error A2088: END directive required at end of file
C:\Program Files\Microsoft Visual Studio\2022\Community\MSBuild\Microsoft\VC\v170\BuildCustomizations\masm.targets(70,5): error MSB3721: выход из команды "ml64.exe /c /nologo /Zi /Fo"x64\Debug\Source.obj" /W3 /errorReport:prompt  /TaSource.asm" с кодом "1".
